kotlin version: 2.0.21
error message: org.jetbrains.kotlin.backend.common.BackendException: Backend Internal error: Exception during IR lowering
File being compiled: /home/dos/AndroidStudioProjects/Kensi/app/src/main/java/com/dos/kensi/MainActivity.kt
The root cause java.lang.RuntimeException was thrown at: org.jetbrains.kotlin.backend.jvm.codegen.FunctionCodegen.generate(FunctionCodegen.kt:47)
	at org.jetbrains.kotlin.backend.common.CodegenUtil.reportBackendException(CodegenUtil.kt:253)
	at org.jetbrains.kotlin.backend.common.CodegenUtil.reportBackendException$default(CodegenUtil.kt:236)
	at org.jetbrains.kotlin.backend.common.phaser.PerformByIrFilePhase.invokeSequential(performByIrFile.kt:65)
	at org.jetbrains.kotlin.backend.common.phaser.PerformByIrFilePhase.invoke(performByIrFile.kt:52)
	at org.jetbrains.kotlin.backend.common.phaser.PerformByIrFilePhase.invoke(performByIrFile.kt:38)
	at org.jetbrains.kotlin.backend.common.phaser.NamedCompilerPhase.phaseBody(CompilerPhase.kt:166)
	at org.jetbrains.kotlin.backend.common.phaser.AbstractNamedCompilerPhase.invoke(CompilerPhase.kt:113)
	at org.jetbrains.kotlin.backend.common.phaser.CompositePhase.invoke(PhaseBuilders.kt:27)
	at org.jetbrains.kotlin.backend.common.phaser.CompositePhase.invoke(PhaseBuilders.kt:14)
	at org.jetbrains.kotlin.backend.common.phaser.NamedCompilerPhase.phaseBody(CompilerPhase.kt:166)
	at org.jetbrains.kotlin.backend.common.phaser.AbstractNamedCompilerPhase.invoke(CompilerPhase.kt:113)
	at org.jetbrains.kotlin.backend.common.phaser.CompilerPhaseKt.invokeToplevel(CompilerPhase.kt:62)
	at org.jetbrains.kotlin.backend.jvm.JvmIrCodegenFactory.invokeCodegen(JvmIrCodegenFactory.kt:371)
	at org.jetbrains.kotlin.codegen.CodegenFactory.generateModule(CodegenFactory.kt:47)
	at org.jetbrains.kotlin.backend.jvm.JvmIrCodegenFactory.generateModuleInFrontendIRMode(JvmIrCodegenFactory.kt:433)
	at org.jetbrains.kotlin.cli.jvm.compiler.pipeline.JvmCompilerPipelineKt.generateCodeFromIr(jvmCompilerPipeline.kt:246)
	at org.jetbrains.kotlin.cli.jvm.compiler.pipeline.JvmCompilerPipelineKt.compileModulesUsingFrontendIrAndLightTree(jvmCompilerPipeline.kt:142)
	at org.jetbrains.kotlin.cli.jvm.K2JVMCompiler.doExecute(K2JVMCompiler.kt:148)
	at org.jetbrains.kotlin.cli.jvm.K2JVMCompiler.doExecute(K2JVMCompiler.kt:43)
	at org.jetbrains.kotlin.cli.common.CLICompiler.execImpl(CLICompiler.kt:103)
	at org.jetbrains.kotlin.cli.common.CLICompiler.execImpl(CLICompiler.kt:49)
	at org.jetbrains.kotlin.cli.common.CLITool.exec(CLITool.kt:101)
	at org.jetbrains.kotlin.incremental.IncrementalJvmCompilerRunner.runCompiler(IncrementalJvmCompilerRunner.kt:464)
	at org.jetbrains.kotlin.incremental.IncrementalJvmCompilerRunner.runCompiler(IncrementalJvmCompilerRunner.kt:73)
	at org.jetbrains.kotlin.incremental.IncrementalCompilerRunner.doCompile(IncrementalCompilerRunner.kt:506)
	at org.jetbrains.kotlin.incremental.IncrementalCompilerRunner.compileImpl(IncrementalCompilerRunner.kt:423)
	at org.jetbrains.kotlin.incremental.IncrementalCompilerRunner.tryCompileIncrementally$lambda$9$compile(IncrementalCompilerRunner.kt:249)
	at org.jetbrains.kotlin.incremental.IncrementalCompilerRunner.tryCompileIncrementally(IncrementalCompilerRunner.kt:267)
	at org.jetbrains.kotlin.incremental.IncrementalCompilerRunner.compile(IncrementalCompilerRunner.kt:120)
	at org.jetbrains.kotlin.daemon.CompileServiceImplBase.execIncrementalCompiler(CompileServiceImpl.kt:675)
	at org.jetbrains.kotlin.daemon.CompileServiceImplBase.access$execIncrementalCompiler(CompileServiceImpl.kt:92)
	at org.jetbrains.kotlin.daemon.CompileServiceImpl.compile(CompileServiceImpl.kt:1660)
	at java.base/jdk.internal.reflect.DirectMethodHandleAccessor.invoke(Unknown Source)
	at java.base/java.lang.reflect.Method.invoke(Unknown Source)
	at java.rmi/sun.rmi.server.UnicastServerRef.dispatch(Unknown Source)
	at java.rmi/sun.rmi.transport.Transport$1.run(Unknown Source)
	at java.rmi/sun.rmi.transport.Transport$1.run(Unknown Source)
	at java.base/java.security.AccessController.doPrivileged(Unknown Source)
	at java.rmi/sun.rmi.transport.Transport.serviceCall(Unknown Source)
	at java.rmi/sun.rmi.transport.tcp.TCPTransport.handleMessages(Unknown Source)
	at java.rmi/sun.rmi.transport.tcp.TCPTransport$ConnectionHandler.run0(Unknown Source)
	at java.rmi/sun.rmi.transport.tcp.TCPTransport$ConnectionHandler.lambda$run$0(Unknown Source)
	at java.base/java.security.AccessController.doPrivileged(Unknown Source)
	at java.rmi/sun.rmi.transport.tcp.TCPTransport$ConnectionHandler.run(Unknown Source)
	at java.base/java.util.concurrent.ThreadPoolExecutor.runWorker(Unknown Source)
	at java.base/java.util.concurrent.ThreadPoolExecutor$Worker.run(Unknown Source)
	at java.base/java.lang.Thread.run(Unknown Source)
Caused by: java.lang.RuntimeException: Exception while generating code for:
FUN name:test visibility:public modality:FINAL <> (context:android.content.Context) returnType:kotlin.collections.MutableList<com.dos.kensi.SongData>
  VALUE_PARAMETER name:context index:0 type:android.content.Context
  BLOCK_BODY
    COMPOSITE type=kotlin.Unit origin=null
      VAR name:songListTemp type:kotlin.jvm.internal.Ref.ObjectRef<kotlin.collections.MutableList<com.dos.kensi.SongData>> [val]
        CONSTRUCTOR_CALL 'public constructor <init> () declared in kotlin.jvm.internal.Ref.ObjectRef' type=kotlin.jvm.internal.Ref.ObjectRef<kotlin.collections.MutableList<com.dos.kensi.SongData>> origin=null
          <class: T>: kotlin.collections.MutableList<com.dos.kensi.SongData>
      SET_FIELD 'FIELD IR_BUILTINS_STUB name:element type:T of kotlin.jvm.internal.Ref.ObjectRef visibility:public declared in kotlin.jvm.internal.Ref.ObjectRef' type=kotlin.Unit origin=null
        receiver: GET_VAR 'val songListTemp: kotlin.jvm.internal.Ref.ObjectRef<kotlin.collections.MutableList<com.dos.kensi.SongData>> [val] declared in com.dos.kensi.MainActivityKt.test' type=kotlin.jvm.internal.Ref.ObjectRef<kotlin.collections.MutableList<com.dos.kensi.SongData>> origin=null
        value: CALL 'public final fun mutableListOf <T> (): kotlin.collections.MutableList<T of kotlin.collections.CollectionsKt.mutableListOf> [inline] declared in kotlin.collections.CollectionsKt' type=kotlin.collections.MutableList<com.dos.kensi.SongData> origin=null
          <T>: com.dos.kensi.SongData
    VAR name:collection type:@[FlexibleNullability] android.net.Uri? [val]
      GET_FIELD 'FIELD IR_EXTERNAL_JAVA_DECLARATION_STUB name:EXTERNAL_CONTENT_URI type:@[FlexibleNullability] android.net.Uri? visibility:public [final,static] declared in android.provider.MediaStore.Audio.Media' type=@[FlexibleNullability] android.net.Uri? superQualifierSymbol=android.provider.MediaStore.Audio.Media origin=null
    VAR name:projection type:kotlin.Array<kotlin.String> [val]
      BLOCK type=kotlin.Array<out kotlin.String> origin=null
        VAR IR_TEMPORARY_VARIABLE name:tmp0 type:kotlin.Array<out kotlin.String> [val]
          CALL 'public final fun arrayOfNulls <T> (size: kotlin.Int): kotlin.Array<T of kotlin.arrayOfNulls?> declared in kotlin' type=kotlin.Array<out kotlin.String> origin=null
            <T>: kotlin.String
            size: CONST Int type=kotlin.Int value=2
        CALL 'public final fun set (index: kotlin.Int, value: T of kotlin.Array): kotlin.Unit [operator] declared in kotlin.Array' type=kotlin.Unit origin=null
          $this: GET_VAR 'val tmp0: kotlin.Array<out kotlin.String> [val] declared in com.dos.kensi.MainActivityKt.test' type=kotlin.Array<out kotlin.String> origin=null
          index: CONST Int type=kotlin.Int value=0
          value: CONST String type=kotlin.String value="_display_name"
        CALL 'public final fun set (index: kotlin.Int, value: T of kotlin.Array): kotlin.Unit [operator] declared in kotlin.Array' type=kotlin.Unit origin=null
          $this: GET_VAR 'val tmp0: kotlin.Array<out kotlin.String> [val] declared in com.dos.kensi.MainActivityKt.test' type=kotlin.Array<out kotlin.String> origin=null
          index: CONST Int type=kotlin.Int value=1
          value: CONST String type=kotlin.String value="_id"
        GET_VAR 'val tmp0: kotlin.Array<out kotlin.String> [val] declared in com.dos.kensi.MainActivityKt.test' type=kotlin.Array<out kotlin.String> origin=null
    VAR name:cursor type:android.database.Cursor? [val]
      CALL 'public final fun query (p0: @[EnhancedNullability] android.net.Uri, p1: @[FlexibleArrayElementVariance] kotlin.Array<out @[FlexibleNullability] kotlin.String?>?, p2: @[EnhancedNullability] kotlin.String?, p3: @[FlexibleArrayElementVariance] kotlin.Array<out @[FlexibleNullability] kotlin.String?>?, p4: @[EnhancedNullability] kotlin.String?): @[EnhancedNullability] android.database.Cursor? declared in android.content.ContentResolver' type=@[EnhancedNullability] android.database.Cursor? origin=null
        $this: CALL 'public abstract fun getContentResolver (): @[FlexibleNullability] android.content.ContentResolver? declared in android.content.Context' type=@[FlexibleNullability] android.content.ContentResolver? origin=GET_PROPERTY
          $this: GET_VAR 'context: android.content.Context declared in com.dos.kensi.MainActivityKt.test' type=android.content.Context origin=null
        p0: GET_VAR 'val collection: @[FlexibleNullability] android.net.Uri? [val] declared in com.dos.kensi.MainActivityKt.test' type=@[FlexibleNullability] android.net.Uri? origin=null
        p1: GET_VAR 'val projection: kotlin.Array<kotlin.String> [val] declared in com.dos.kensi.MainActivityKt.test' type=kotlin.Array<kotlin.String> origin=null
        p2: CONST Null type=kotlin.Nothing? value=null
        p3: CONST Null type=kotlin.Nothing? value=null
        p4: CONST Null type=kotlin.Nothing? value=null
    COMPOSITE type=kotlin.Unit origin=null
      BLOCK type=kotlin.Unit? origin=FOLDED_SAFE_CALL
        WHEN type=kotlin.Unit? origin=FOLDED_SAFE_CALL
          BRANCH
            if: COMPOSITE type=kotlin.Boolean origin=null
              CALL 'public final fun not (): kotlin.Boolean [operator] declared in kotlin.Boolean' type=kotlin.Boolean origin=null
                $this: CALL 'public final fun EQEQ (arg0: kotlin.Any?, arg1: kotlin.Any?): kotlin.Boolean declared in kotlin.internal.ir' type=kotlin.Boolean origin=null
                  arg0: GET_VAR 'val cursor: android.database.Cursor? [val] declared in com.dos.kensi.MainActivityKt.test' type=android.database.Cursor? origin=null
                  arg1: CONST Null type=kotlin.Nothing? value=null
            then: CALL 'public final fun use <T, R> (block: kotlin.Function1<T of kotlin.io.CloseableKt.use, R of kotlin.io.CloseableKt.use>): R of kotlin.io.CloseableKt.use [inline] declared in kotlin.io.CloseableKt' type=kotlin.Unit origin=null
              <T>: android.database.Cursor
              <R>: kotlin.Unit
              $receiver: GET_VAR 'val cursor: android.database.Cursor? [val] declared in com.dos.kensi.MainActivityKt.test' type=android.database.Cursor? origin=null
              block: BLOCK type=kotlin.Function1<android.database.Cursor, kotlin.Unit> origin=LAMBDA
                COMPOSITE type=kotlin.Unit origin=null
                FUNCTION_REFERENCE 'private final fun test$lambda$10 ($songListTemp: kotlin.jvm.internal.Ref.ObjectRef<kotlin.collections.MutableList<com.dos.kensi.SongData>>, it: android.database.Cursor): kotlin.Unit declared in com.dos.kensi.MainActivityKt' type=kotlin.Function1<android.database.Cursor, kotlin.Unit> origin=INLINE_LAMBDA reflectionTarget=null
                  $songListTemp: GET_VAR 'val songListTemp: kotlin.jvm.internal.Ref.ObjectRef<kotlin.collections.MutableList<com.dos.kensi.SongData>> [val] declared in com.dos.kensi.MainActivityKt.test' type=kotlin.jvm.internal.Ref.ObjectRef<kotlin.collections.MutableList<com.dos.kensi.SongData>> origin=null
          BRANCH
            if: CONST Boolean type=kotlin.Boolean value=true
            then: CONST Null type=kotlin.Nothing? value=null
    RETURN type=kotlin.Nothing from='public final fun test (context: android.content.Context): kotlin.collections.MutableList<com.dos.kensi.SongData> declared in com.dos.kensi.MainActivityKt'
      GET_FIELD 'FIELD IR_BUILTINS_STUB name:element type:T of kotlin.jvm.internal.Ref.ObjectRef visibility:public declared in kotlin.jvm.internal.Ref.ObjectRef' type=kotlin.collections.MutableList<com.dos.kensi.SongData> origin=null
        receiver: GET_VAR 'val songListTemp: kotlin.jvm.internal.Ref.ObjectRef<kotlin.collections.MutableList<com.dos.kensi.SongData>> [val] declared in com.dos.kensi.MainActivityKt.test' type=kotlin.jvm.internal.Ref.ObjectRef<kotlin.collections.MutableList<com.dos.kensi.SongData>> origin=null

	at org.jetbrains.kotlin.backend.jvm.codegen.FunctionCodegen.generate(FunctionCodegen.kt:47)
	at org.jetbrains.kotlin.backend.jvm.codegen.FunctionCodegen.generate$default(FunctionCodegen.kt:40)
	at org.jetbrains.kotlin.backend.jvm.codegen.ClassCodegen.generateMethodNode(ClassCodegen.kt:406)
	at org.jetbrains.kotlin.backend.jvm.codegen.ClassCodegen.generateMethod(ClassCodegen.kt:423)
	at org.jetbrains.kotlin.backend.jvm.codegen.ClassCodegen.generate(ClassCodegen.kt:168)
	at org.jetbrains.kotlin.backend.jvm.FileCodegen.lower(JvmPhases.kt:39)
	at org.jetbrains.kotlin.backend.common.phaser.PhaseFactoriesKt.createFilePhase$lambda$4(PhaseFactories.kt:71)
	at org.jetbrains.kotlin.backend.common.phaser.PhaseBuildersKt$createSimpleNamedCompilerPhase$1.phaseBody(PhaseBuilders.kt:69)
	at org.jetbrains.kotlin.backend.common.phaser.SimpleNamedCompilerPhase.phaseBody(CompilerPhase.kt:226)
	at org.jetbrains.kotlin.backend.common.phaser.AbstractNamedCompilerPhase.invoke(CompilerPhase.kt:113)
	at org.jetbrains.kotlin.backend.common.phaser.PerformByIrFilePhase.invokeSequential(performByIrFile.kt:62)
	... 44 more
Caused by: java.lang.RuntimeException: Exception while generating code for:
FUN INLINE_LAMBDA name:test$lambda$10 visibility:private modality:FINAL <> ($songListTemp:kotlin.jvm.internal.Ref.ObjectRef<kotlin.collections.MutableList<com.dos.kensi.SongData>>, it:android.database.Cursor) returnType:kotlin.Unit
  VALUE_PARAMETER BOUND_VALUE_PARAMETER name:$songListTemp index:0 type:kotlin.jvm.internal.Ref.ObjectRef<kotlin.collections.MutableList<com.dos.kensi.SongData>>
  VALUE_PARAMETER name:it index:1 type:android.database.Cursor
  BLOCK_BODY
    VAR name:$i$a$-use-MainActivityKt$test$1 type:kotlin.Int [val]
      CONST Int type=kotlin.Int value=0
    VAR name:nameColumn type:kotlin.Int [val]
      CALL 'public abstract fun getColumnIndexOrThrow (p0: @[FlexibleNullability] kotlin.String?): kotlin.Int declared in android.database.Cursor' type=kotlin.Int origin=null
        $this: GET_VAR 'it: android.database.Cursor declared in com.dos.kensi.MainActivityKt.test$lambda$10' type=android.database.Cursor origin=null
        p0: CONST String type=kotlin.String value="_display_name"
    VAR name:dataColumn type:kotlin.Int [val]
      CALL 'public abstract fun getColumnIndexOrThrow (p0: @[FlexibleNullability] kotlin.String?): kotlin.Int declared in android.database.Cursor' type=kotlin.Int origin=null
        $this: GET_VAR 'it: android.database.Cursor declared in com.dos.kensi.MainActivityKt.test$lambda$10' type=android.database.Cursor origin=null
        p0: CONST String type=kotlin.String value="_data"
    WHILE label=MainActivityKt$test$lambda$101 origin=WHILE_LOOP
      condition: CALL 'public abstract fun moveToNext (): kotlin.Boolean declared in android.database.Cursor' type=kotlin.Boolean origin=null
        $this: GET_VAR 'it: android.database.Cursor declared in com.dos.kensi.MainActivityKt.test$lambda$10' type=android.database.Cursor origin=null
      body: BLOCK type=kotlin.Unit origin=null
        VAR name:name type:@[FlexibleNullability] kotlin.String? [val]
          CALL 'public abstract fun getString (p0: kotlin.Int): @[FlexibleNullability] kotlin.String? declared in android.database.Cursor' type=@[FlexibleNullability] kotlin.String? origin=null
            $this: GET_VAR 'it: android.database.Cursor declared in com.dos.kensi.MainActivityKt.test$lambda$10' type=android.database.Cursor origin=null
            p0: GET_VAR 'val nameColumn: kotlin.Int [val] declared in com.dos.kensi.MainActivityKt.test$lambda$10' type=kotlin.Int origin=null
        VAR name:contentUri type:android.net.Uri [val]
          BLOCK type=android.net.Uri origin=null
            VAR IR_TEMPORARY_VARIABLE name:tmp0 type:kotlin.Any? [val]
              CALL 'public open fun withAppendedId (p0: @[EnhancedNullability] android.net.Uri, p1: kotlin.Long): @[EnhancedNullability] android.net.Uri declared in android.content.ContentUris' type=@[EnhancedNullability] android.net.Uri origin=null
                p0: GET_FIELD 'FIELD IR_EXTERNAL_JAVA_DECLARATION_STUB name:EXTERNAL_CONTENT_URI type:@[FlexibleNullability] android.net.Uri? visibility:public [final,static] declared in android.provider.MediaStore.Audio.Media' type=@[FlexibleNullability] android.net.Uri? superQualifierSymbol=android.provider.MediaStore.Audio.Media origin=null
                p1: CALL 'public abstract fun getLong (p0: kotlin.Int): kotlin.Long declared in android.database.Cursor' type=kotlin.Long origin=null
                  $this: GET_VAR 'it: android.database.Cursor declared in com.dos.kensi.MainActivityKt.test$lambda$10' type=android.database.Cursor origin=null
                  p0: CALL 'public abstract fun getColumnIndexOrThrow (p0: @[FlexibleNullability] kotlin.String?): kotlin.Int declared in android.database.Cursor' type=kotlin.Int origin=null
                    $this: GET_VAR 'it: android.database.Cursor declared in com.dos.kensi.MainActivityKt.test$lambda$10' type=android.database.Cursor origin=null
                    p0: CONST String type=kotlin.String value="_id"
            CALL 'public final fun checkNotNullExpressionValue (value: kotlin.Any?, expression: kotlin.String): kotlin.Unit declared in kotlin.jvm.internal.Intrinsics' type=kotlin.Unit origin=null
              value: GET_VAR 'val tmp0: kotlin.Any? [val] declared in com.dos.kensi.MainActivityKt.test$lambda$10' type=kotlin.Any? origin=null
              expression: CONST String type=kotlin.String value="withAppendedId(...)"
            GET_VAR 'val tmp0: kotlin.Any? [val] declared in com.dos.kensi.MainActivityKt.test$lambda$10' type=kotlin.Any? origin=null
        VAR name:uri type:@[FlexibleNullability] android.net.Uri? [var]
          CALL 'public open fun fromFile (p0: @[FlexibleNullability] java.io.File?): @[FlexibleNullability] android.net.Uri? declared in android.net.Uri' type=@[FlexibleNullability] android.net.Uri? origin=null
            p0: CONSTRUCTOR_CALL 'public constructor <init> (p0: @[FlexibleNullability] kotlin.String?) declared in java.io.File' type=java.io.File origin=null
              p0: CALL 'public abstract fun getString (p0: kotlin.Int): @[FlexibleNullability] kotlin.String? declared in android.database.Cursor' type=@[FlexibleNullability] kotlin.String? origin=null
                $this: GET_VAR 'it: android.database.Cursor declared in com.dos.kensi.MainActivityKt.test$lambda$10' type=android.database.Cursor origin=null
                p0: GET_VAR 'val dataColumn: kotlin.Int [val] declared in com.dos.kensi.MainActivityKt.test$lambda$10' type=kotlin.Int origin=null
        SET_VAR 'var uri: @[FlexibleNullability] android.net.Uri? [var] declared in com.dos.kensi.MainActivityKt.test$lambda$10' type=kotlin.Unit origin=EQ
          GET_VAR 'val contentUri: android.net.Uri [val] declared in com.dos.kensi.MainActivityKt.test$lambda$10' type=android.net.Uri origin=null
        SET_FIELD 'FIELD IR_EXTERNAL_JAVA_DECLARATION_STUB name:id type:kotlin.Int visibility:public [final,static] declared in android.R.attr' type=kotlin.Unit superQualifierSymbol=android.R.attr origin=PLUSEQ
          value: CONST Int type=kotlin.Int value=16842961
        COMPOSITE type=kotlin.Unit origin=null
          CALL 'public abstract fun add (element: E of kotlin.collections.MutableList): kotlin.Boolean declared in kotlin.collections.MutableList' type=kotlin.Boolean origin=null
            $this: GET_FIELD 'FIELD IR_BUILTINS_STUB name:element type:T of kotlin.jvm.internal.Ref.ObjectRef visibility:public declared in kotlin.jvm.internal.Ref.ObjectRef' type=kotlin.collections.MutableList<com.dos.kensi.SongData> origin=null
              receiver: GET_VAR '$songListTemp: kotlin.jvm.internal.Ref.ObjectRef<kotlin.collections.MutableList<com.dos.kensi.SongData>> declared in com.dos.kensi.MainActivityKt.test$lambda$10' type=kotlin.jvm.internal.Ref.ObjectRef<kotlin.collections.MutableList<com.dos.kensi.SongData>> origin=null
            element: CONSTRUCTOR_CALL 'public constructor <init> (id: kotlin.Int, name: kotlin.String, uri: android.net.Uri) [primary] declared in com.dos.kensi.SongData' type=com.dos.kensi.SongData origin=null
              id: CONST Int type=kotlin.Int value=16842960
              name: COMPOSITE type=kotlin.String origin=null
                CALL 'public final fun checkNotNull (object: kotlin.Any?): kotlin.Unit declared in kotlin.jvm.internal.Intrinsics' type=kotlin.Unit origin=null
                  object: GET_VAR 'val name: @[FlexibleNullability] kotlin.String? [val] declared in com.dos.kensi.MainActivityKt.test$lambda$10' type=@[FlexibleNullability] kotlin.String? origin=null
                GET_VAR 'val name: @[FlexibleNullability] kotlin.String? [val] declared in com.dos.kensi.MainActivityKt.test$lambda$10' type=@[FlexibleNullability] kotlin.String? origin=null
              uri: GET_VAR 'var uri: @[FlexibleNullability] android.net.Uri? [var] declared in com.dos.kensi.MainActivityKt.test$lambda$10' type=@[FlexibleNullability] android.net.Uri? origin=null
          COMPOSITE type=kotlin.Unit origin=null

	at org.jetbrains.kotlin.backend.jvm.codegen.FunctionCodegen.generate(FunctionCodegen.kt:47)
	at org.jetbrains.kotlin.backend.jvm.codegen.IrSourceCompilerForInline.generateLambdaBody(IrSourceCompilerForInline.kt:67)
	at org.jetbrains.kotlin.codegen.inline.ExpressionLambda.generateLambdaBody(LambdaInfo.kt:72)
	at org.jetbrains.kotlin.backend.jvm.codegen.IrInlineCodegen.genValueAndPut(IrInlineCodegen.kt:100)
	at org.jetbrains.kotlin.backend.jvm.codegen.ExpressionCodegen.visitCall$handleParameter(ExpressionCodegen.kt:616)
	at org.jetbrains.kotlin.backend.jvm.codegen.ExpressionCodegen.visitCall(ExpressionCodegen.kt:644)
	at org.jetbrains.kotlin.backend.jvm.codegen.ExpressionCodegen.visitCall(ExpressionCodegen.kt:138)
	at org.jetbrains.kotlin.ir.expressions.IrCall.accept(IrCall.kt:24)
	at org.jetbrains.kotlin.backend.jvm.codegen.ExpressionCodegen.visitWhen(ExpressionCodegen.kt:1101)
	at org.jetbrains.kotlin.backend.jvm.codegen.ExpressionCodegen.visitWhen(ExpressionCodegen.kt:138)
	at org.jetbrains.kotlin.ir.expressions.IrWhen.accept(IrWhen.kt:24)
	at org.jetbrains.kotlin.backend.jvm.codegen.ExpressionCodegen.visitStatementContainer(ExpressionCodegen.kt:579)
	at org.jetbrains.kotlin.backend.jvm.codegen.ExpressionCodegen.visitContainerExpression(ExpressionCodegen.kt:593)
	at org.jetbrains.kotlin.backend.jvm.codegen.ExpressionCodegen.visitContainerExpression(ExpressionCodegen.kt:138)
	at org.jetbrains.kotlin.ir.visitors.IrElementVisitor$DefaultImpls.visitBlock(IrElementVisitor.kt:122)
	at org.jetbrains.kotlin.backend.jvm.codegen.ExpressionCodegen.visitBlock(ExpressionCodegen.kt:413)
	at org.jetbrains.kotlin.backend.jvm.codegen.ExpressionCodegen.visitBlock(ExpressionCodegen.kt:138)
	at org.jetbrains.kotlin.ir.expressions.IrBlock.accept(IrBlock.kt:18)
	at org.jetbrains.kotlin.backend.jvm.codegen.ExpressionCodegen.visitStatementContainer(ExpressionCodegen.kt:579)
	at org.jetbrains.kotlin.backend.jvm.codegen.ExpressionCodegen.visitContainerExpression(ExpressionCodegen.kt:593)
	at org.jetbrains.kotlin.backend.jvm.codegen.ExpressionCodegen.visitContainerExpression(ExpressionCodegen.kt:138)
	at org.jetbrains.kotlin.ir.visitors.IrElementVisitor$DefaultImpls.visitComposite(IrElementVisitor.kt:125)
	at org.jetbrains.kotlin.backend.jvm.codegen.ExpressionCodegen.visitComposite(ExpressionCodegen.kt:138)
	at org.jetbrains.kotlin.backend.jvm.codegen.ExpressionCodegen.visitComposite(ExpressionCodegen.kt:138)
	at org.jetbrains.kotlin.ir.expressions.IrComposite.accept(IrComposite.kt:18)
	at org.jetbrains.kotlin.backend.jvm.codegen.ExpressionCodegen.visitStatementContainer(ExpressionCodegen.kt:579)
	at org.jetbrains.kotlin.backend.jvm.codegen.ExpressionCodegen.visitBlockBody(ExpressionCodegen.kt:584)
	at org.jetbrains.kotlin.backend.jvm.codegen.ExpressionCodegen.visitBlockBody(ExpressionCodegen.kt:138)
	at org.jetbrains.kotlin.ir.expressions.IrBlockBody.accept(IrBlockBody.kt:20)
	at org.jetbrains.kotlin.backend.jvm.codegen.ExpressionCodegen.generate(ExpressionCodegen.kt:240)
	at org.jetbrains.kotlin.backend.jvm.codegen.FunctionCodegen.doGenerate(FunctionCodegen.kt:123)
	at org.jetbrains.kotlin.backend.jvm.codegen.FunctionCodegen.generate(FunctionCodegen.kt:44)
	... 54 more
Caused by: java.lang.AssertionError: access of const val: SET_FIELD 'FIELD IR_EXTERNAL_JAVA_DECLARATION_STUB name:id type:kotlin.Int visibility:public [final,static] declared in android.R.attr' type=kotlin.Unit superQualifierSymbol=android.R.attr origin=PLUSEQ
  value: CONST Int type=kotlin.Int value=16842961

	at org.jetbrains.kotlin.backend.jvm.codegen.ExpressionCodegen.visitFieldAccess(ExpressionCodegen.kt:861)
	at org.jetbrains.kotlin.backend.jvm.codegen.ExpressionCodegen.visitFieldAccess(ExpressionCodegen.kt:138)
	at org.jetbrains.kotlin.ir.visitors.IrElementVisitor$DefaultImpls.visitSetField(IrElementVisitor.kt:206)
	at org.jetbrains.kotlin.backend.jvm.codegen.ExpressionCodegen.visitSetField(ExpressionCodegen.kt:908)
	at org.jetbrains.kotlin.backend.jvm.codegen.ExpressionCodegen.visitSetField(ExpressionCodegen.kt:138)
	at org.jetbrains.kotlin.ir.expressions.IrSetField.accept(IrSetField.kt:21)
	at org.jetbrains.kotlin.backend.jvm.codegen.ExpressionCodegen.visitStatementContainer(ExpressionCodegen.kt:579)
	at org.jetbrains.kotlin.backend.jvm.codegen.ExpressionCodegen.visitContainerExpression(ExpressionCodegen.kt:593)
	at org.jetbrains.kotlin.backend.jvm.codegen.ExpressionCodegen.visitContainerExpression(ExpressionCodegen.kt:138)
	at org.jetbrains.kotlin.ir.visitors.IrElementVisitor$DefaultImpls.visitBlock(IrElementVisitor.kt:122)
	at org.jetbrains.kotlin.backend.jvm.codegen.ExpressionCodegen.visitBlock(ExpressionCodegen.kt:413)
	at org.jetbrains.kotlin.backend.jvm.codegen.ExpressionCodegen.visitBlock(ExpressionCodegen.kt:138)
	at org.jetbrains.kotlin.ir.expressions.IrBlock.accept(IrBlock.kt:18)
	at org.jetbrains.kotlin.backend.jvm.codegen.ExpressionCodegen.visitWhileLoop(ExpressionCodegen.kt:1182)
	at org.jetbrains.kotlin.backend.jvm.codegen.ExpressionCodegen.visitWhileLoop(ExpressionCodegen.kt:138)
	at org.jetbrains.kotlin.ir.expressions.IrWhileLoop.accept(IrWhileLoop.kt:19)
	at org.jetbrains.kotlin.backend.jvm.codegen.ExpressionCodegen.visitStatementContainer(ExpressionCodegen.kt:579)
	at org.jetbrains.kotlin.backend.jvm.codegen.ExpressionCodegen.visitBlockBody(ExpressionCodegen.kt:584)
	at org.jetbrains.kotlin.backend.jvm.codegen.ExpressionCodegen.visitBlockBody(ExpressionCodegen.kt:138)
	at org.jetbrains.kotlin.ir.expressions.IrBlockBody.accept(IrBlockBody.kt:20)
	at org.jetbrains.kotlin.backend.jvm.codegen.ExpressionCodegen.generate(ExpressionCodegen.kt:240)
	at org.jetbrains.kotlin.backend.jvm.codegen.FunctionCodegen.doGenerate(FunctionCodegen.kt:123)
	at org.jetbrains.kotlin.backend.jvm.codegen.FunctionCodegen.generate(FunctionCodegen.kt:44)
	... 85 more


